# JRE version: OpenJDK Runtime Environment (11.0.10) (build 11.0.10+0-b96-7249189)
# Java VM: OpenJDK 64-Bit Server VM (11.0.10+0-b96-7249189, mixed mode, tiered, compressed oops, g1 gc, windows-amd64)
Heap:
 garbage-first heap   total 356352K, used 167306K [0x0000000080000000, 0x0000000100000000)
  region size 1024K, 26 young (26624K), 2 survivors (2048K)
 Metaspace       used 120970K, capacity 124016K, committed 124800K, reserved 1157120K
  class space    used 15037K, capacity 16168K, committed 16512K, reserved 1048576K
GC Heap History (20 events):
Event: 333.305 GC heap before
{Heap before GC invocations=164 (full 0):
 garbage-first heap   total 296960K, used 147593K [0x0000000080000000, 0x0000000100000000)
  region size 1024K, 14 young (14336K), 2 survivors (2048K)
 Metaspace       used 120746K, capacity 123752K, committed 124800K, reserved 1157120K
  class space    used 15021K, capacity 16125K, committed 16512K, reserved 1048576K
}
Event: 333.314 GC heap after
{Heap after GC invocations=165 (full 0):
 garbage-first heap   total 296960K, used 133281K [0x0000000080000000, 0x0000000100000000)
  region size 1024K, 2 young (2048K), 2 survivors (2048K)
 Metaspace       used 120746K, capacity 123752K, committed 124800K, reserved 1157120K
  class space    used 15021K, capacity 16125K, committed 16512K, reserved 1048576K
}
Event: 333.701 GC heap before
{Heap before GC invocations=165 (full 0):
 garbage-first heap   total 296960K, used 243873K [0x0000000080000000, 0x0000000100000000)
  region size 1024K, 110 young (112640K), 2 survivors (2048K)
 Metaspace       used 120807K, capacity 123826K, committed 124800K, reserved 1157120K
  class space    used 15023K, capacity 16128K, committed 16512K, reserved 1048576K
}
Event: 333.708 GC heap after
{Heap after GC invocations=166 (full 0):
 garbage-first heap   total 296960K, used 134744K [0x0000000080000000, 0x0000000100000000)
  region size 1024K, 3 young (3072K), 3 survivors (3072K)
 Metaspace       used 120807K, capacity 123826K, committed 124800K, reserved 1157120K
  class space    used 15023K, capacity 16128K, committed 16512K, reserved 1048576K
}
Event: 334.308 GC heap before
{Heap before GC invocations=167 (full 0):
 garbage-first heap   total 296960K, used 247384K [0x0000000080000000, 0x0000000100000000)
  region size 1024K, 113 young (115712K), 3 survivors (3072K)
 Metaspace       used 120838K, capacity 123864K, committed 124800K, reserved 1157120K
  class space    used 15031K, capacity 16162K, committed 16512K, reserved 1048576K
}
Event: 334.318 GC heap after
{Heap after GC invocations=168 (full 0):
 garbage-first heap   total 296960K, used 134967K [0x0000000080000000, 0x0000000100000000)
  region size 1024K, 3 young (3072K), 3 survivors (3072K)
 Metaspace       used 120838K, capacity 123864K, committed 124800K, reserved 1157120K
  class space    used 15031K, capacity 16162K, committed 16512K, reserved 1048576K
}
Event: 334.368 GC heap before
{Heap before GC invocations=168 (full 0):
 garbage-first heap   total 296960K, used 146231K [0x0000000080000000, 0x0000000100000000)
  region size 1024K, 14 young (14336K), 3 survivors (3072K)
 Metaspace       used 120842K, capacity 123870K, committed 124800K, reserved 1157120K
  class space    used 15032K, capacity 16164K, committed 16512K, reserved 1048576K
}
Event: 334.380 GC heap after
{Heap after GC invocations=169 (full 0):
 garbage-first heap   total 296960K, used 134513K [0x0000000080000000, 0x0000000100000000)
  region size 1024K, 1 young (1024K), 1 survivors (1024K)
 Metaspace       used 120842K, capacity 123870K, committed 124800K, reserved 1157120K
  class space    used 15032K, capacity 16164K, committed 16512K, reserved 1048576K
}
Event: 334.783 GC heap before
{Heap before GC invocations=169 (full 0):
 garbage-first heap   total 296960K, used 249201K [0x0000000080000000, 0x0000000100000000)
  region size 1024K, 113 young (115712K), 1 survivors (1024K)
 Metaspace       used 120896K, capacity 123947K, committed 124800K, reserved 1157120K
  class space    used 15037K, capacity 16168K, committed 16512K, reserved 1048576K
}
Event: 334.789 GC heap after
{Heap after GC invocations=170 (full 0):
 garbage-first heap   total 296960K, used 135613K [0x0000000080000000, 0x0000000100000000)
  region size 1024K, 2 young (2048K), 2 survivors (2048K)
 Metaspace       used 120896K, capacity 123947K, committed 124800K, reserved 1157120K
  class space    used 15037K, capacity 16168K, committed 16512K, reserved 1048576K
}
Event: 335.356 GC heap before
{Heap before GC invocations=170 (full 0):
 garbage-first heap   total 296960K, used 251325K [0x0000000080000000, 0x0000000100000000)
  region size 1024K, 115 young (117760K), 2 survivors (2048K)
 Metaspace       used 120909K, capacity 123949K, committed 124800K, reserved 1157120K
  class space    used 15037K, capacity 16168K, committed 16512K, reserved 1048576K
}
Event: 335.363 GC heap after
{Heap after GC invocations=171 (full 0):
 garbage-first heap   total 296960K, used 136359K [0x0000000080000000, 0x0000000100000000)
  region size 1024K, 3 young (3072K), 3 survivors (3072K)
 Metaspace       used 120909K, capacity 123949K, committed 124800K, reserved 1157120K
  class space    used 15037K, capacity 16168K, committed 16512K, reserved 1048576K
}
Event: 335.752 GC heap before
{Heap before GC invocations=172 (full 0):
 garbage-first heap   total 296960K, used 253095K [0x0000000080000000, 0x0000000100000000)
  region size 1024K, 117 young (119808K), 3 survivors (3072K)
 Metaspace       used 120929K, capacity 124013K, committed 124800K, reserved 1157120K
  class space    used 15037K, capacity 16168K, committed 16512K, reserved 1048576K
}
Event: 335.761 GC heap after
{Heap after GC invocations=173 (full 0):
 garbage-first heap   total 296960K, used 138391K [0x0000000080000000, 0x0000000100000000)
  region size 1024K, 5 young (5120K), 5 survivors (5120K)
 Metaspace       used 120929K, capacity 124013K, committed 124800K, reserved 1157120K
  class space    used 15037K, capacity 16168K, committed 16512K, reserved 1048576K
}
Event: 335.785 GC heap before
{Heap before GC invocations=173 (full 0):
 garbage-first heap   total 296960K, used 146583K [0x0000000080000000, 0x0000000100000000)
  region size 1024K, 14 young (14336K), 5 survivors (5120K)
 Metaspace       used 120929K, capacity 124013K, committed 124800K, reserved 1157120K
  class space    used 15037K, capacity 16168K, committed 16512K, reserved 1048576K
}
Event: 335.806 GC heap after
{Heap after GC invocations=174 (full 0):
 garbage-first heap   total 296960K, used 137595K [0x0000000080000000, 0x0000000100000000)
  region size 1024K, 1 young (1024K), 1 survivors (1024K)
 Metaspace       used 120929K, capacity 124013K, committed 124800K, reserved 1157120K
  class space    used 15037K, capacity 16168K, committed 16512K, reserved 1048576K
}
Event: 336.143 GC heap before
{Heap before GC invocations=174 (full 0):
 garbage-first heap   total 296960K, used 254331K [0x0000000080000000, 0x0000000100000000)
  region size 1024K, 115 young (117760K), 1 survivors (1024K)
 Metaspace       used 120934K, capacity 124013K, committed 124800K, reserved 1157120K
  class space    used 15037K, capacity 16168K, committed 16512K, reserved 1048576K
}
Event: 336.155 GC heap after
{Heap after GC invocations=175 (full 0):
 garbage-first heap   total 296960K, used 142118K [0x0000000080000000, 0x0000000100000000)
  region size 1024K, 6 young (6144K), 6 survivors (6144K)
 Metaspace       used 120934K, capacity 124013K, committed 124800K, reserved 1157120K
  class space    used 15037K, capacity 16168K, committed 16512K, reserved 1048576K
}
Event: 336.438 GC heap before
{Heap before GC invocations=175 (full 0):
 garbage-first heap   total 296960K, used 253734K [0x0000000080000000, 0x0000000100000000)
  region size 1024K, 115 young (117760K), 6 survivors (6144K)
 Metaspace       used 120957K, capacity 124015K, committed 124800K, reserved 1157120K
  class space    used 15037K, capacity 16168K, committed 16512K, reserved 1048576K
}
Event: 336.448 GC heap after
{Heap after GC invocations=176 (full 0):
 garbage-first heap   total 356352K, used 142784K [0x0000000080000000, 0x0000000100000000)
  region size 1024K, 6 young (6144K), 6 survivors (6144K)
 Metaspace       used 120957K, capacity 124015K, committed 124800K, reserved 1157120K
  class space    used 15037K, capacity 16168K, committed 16512K, reserved 1048576K
}

