# JRE version: OpenJDK Runtime Environment (11.0.10) (build 11.0.10+0-b96-7249189)
# Java VM: OpenJDK 64-Bit Server VM (11.0.10+0-b96-7249189, mixed mode, tiered, compressed oops, g1 gc, windows-amd64)
Heap:
 garbage-first heap   total 280576K, used 122975K [0x0000000080000000, 0x0000000100000000)
  region size 1024K, 5 young (5120K), 5 survivors (5120K)
 Metaspace       used 96962K, capacity 99390K, committed 99840K, reserved 1136640K
  class space    used 12560K, capacity 13475K, committed 13568K, reserved 1048576K
GC Heap History (20 events):
Event: 100.181 GC heap after
{Heap after GC invocations=112 (full 0):
 garbage-first heap   total 233472K, used 119590K [0x0000000080000000, 0x0000000100000000)
  region size 1024K, 3 young (3072K), 3 survivors (3072K)
 Metaspace       used 96582K, capacity 98978K, committed 99328K, reserved 1134592K
  class space    used 12526K, capacity 13428K, committed 13568K, reserved 1048576K
}
Event: 100.648 GC heap before
{Heap before GC invocations=112 (full 0):
 garbage-first heap   total 233472K, used 184102K [0x0000000080000000, 0x0000000100000000)
  region size 1024K, 66 young (67584K), 3 survivors (3072K)
 Metaspace       used 96690K, capacity 99093K, committed 99584K, reserved 1134592K
  class space    used 12541K, capacity 13464K, committed 13568K, reserved 1048576K
}
Event: 100.655 GC heap after
{Heap after GC invocations=113 (full 0):
 garbage-first heap   total 233472K, used 120573K [0x0000000080000000, 0x0000000100000000)
  region size 1024K, 4 young (4096K), 4 survivors (4096K)
 Metaspace       used 96690K, capacity 99093K, committed 99584K, reserved 1134592K
  class space    used 12541K, capacity 13464K, committed 13568K, reserved 1048576K
}
Event: 101.254 GC heap before
{Heap before GC invocations=114 (full 0):
 garbage-first heap   total 233472K, used 187133K [0x0000000080000000, 0x0000000100000000)
  region size 1024K, 69 young (70656K), 4 survivors (4096K)
 Metaspace       used 96728K, capacity 99158K, committed 99584K, reserved 1134592K
  class space    used 12542K, capacity 13464K, committed 13568K, reserved 1048576K
}
Event: 101.263 GC heap after
{Heap after GC invocations=115 (full 0):
 garbage-first heap   total 233472K, used 119452K [0x0000000080000000, 0x0000000100000000)
  region size 1024K, 3 young (3072K), 3 survivors (3072K)
 Metaspace       used 96728K, capacity 99158K, committed 99584K, reserved 1134592K
  class space    used 12542K, capacity 13464K, committed 13568K, reserved 1048576K
}
Event: 101.612 GC heap before
{Heap before GC invocations=115 (full 0):
 garbage-first heap   total 233472K, used 192156K [0x0000000080000000, 0x0000000100000000)
  region size 1024K, 74 young (75776K), 3 survivors (3072K)
 Metaspace       used 96761K, capacity 99167K, committed 99584K, reserved 1134592K
  class space    used 12543K, capacity 13466K, committed 13568K, reserved 1048576K
}
Event: 101.620 GC heap after
{Heap after GC invocations=116 (full 0):
 garbage-first heap   total 233472K, used 120387K [0x0000000080000000, 0x0000000100000000)
  region size 1024K, 4 young (4096K), 4 survivors (4096K)
 Metaspace       used 96761K, capacity 99167K, committed 99584K, reserved 1134592K
  class space    used 12543K, capacity 13466K, committed 13568K, reserved 1048576K
}
Event: 102.237 GC heap before
{Heap before GC invocations=117 (full 0):
 garbage-first heap   total 233472K, used 194115K [0x0000000080000000, 0x0000000100000000)
  region size 1024K, 76 young (77824K), 4 survivors (4096K)
 Metaspace       used 96840K, capacity 99299K, committed 99584K, reserved 1134592K
  class space    used 12547K, capacity 13467K, committed 13568K, reserved 1048576K
}
Event: 102.249 GC heap after
{Heap after GC invocations=118 (full 0):
 garbage-first heap   total 233472K, used 120606K [0x0000000080000000, 0x0000000100000000)
  region size 1024K, 4 young (4096K), 4 survivors (4096K)
 Metaspace       used 96840K, capacity 99299K, committed 99584K, reserved 1134592K
  class space    used 12547K, capacity 13467K, committed 13568K, reserved 1048576K
}
Event: 102.569 GC heap before
{Heap before GC invocations=118 (full 0):
 garbage-first heap   total 233472K, used 197406K [0x0000000080000000, 0x0000000100000000)
  region size 1024K, 79 young (80896K), 4 survivors (4096K)
 Metaspace       used 96874K, capacity 99310K, committed 99584K, reserved 1134592K
  class space    used 12555K, capacity 13471K, committed 13568K, reserved 1048576K
}
Event: 102.587 GC heap after
{Heap after GC invocations=119 (full 0):
 garbage-first heap   total 233472K, used 121687K [0x0000000080000000, 0x0000000100000000)
  region size 1024K, 5 young (5120K), 5 survivors (5120K)
 Metaspace       used 96874K, capacity 99310K, committed 99584K, reserved 1134592K
  class space    used 12555K, capacity 13471K, committed 13568K, reserved 1048576K
}
Event: 103.274 GC heap before
{Heap before GC invocations=120 (full 0):
 garbage-first heap   total 233472K, used 198487K [0x0000000080000000, 0x0000000100000000)
  region size 1024K, 80 young (81920K), 5 survivors (5120K)
 Metaspace       used 96897K, capacity 99375K, committed 99840K, reserved 1136640K
  class space    used 12558K, capacity 13471K, committed 13568K, reserved 1048576K
}
Event: 103.287 GC heap after
{Heap after GC invocations=121 (full 0):
 garbage-first heap   total 233472K, used 121667K [0x0000000080000000, 0x0000000100000000)
  region size 1024K, 5 young (5120K), 5 survivors (5120K)
 Metaspace       used 96897K, capacity 99375K, committed 99840K, reserved 1136640K
  class space    used 12558K, capacity 13471K, committed 13568K, reserved 1048576K
}
Event: 103.660 GC heap before
{Heap before GC invocations=121 (full 0):
 garbage-first heap   total 233472K, used 198467K [0x0000000080000000, 0x0000000100000000)
  region size 1024K, 80 young (81920K), 5 survivors (5120K)
 Metaspace       used 96914K, capacity 99376K, committed 99840K, reserved 1136640K
  class space    used 12558K, capacity 13471K, committed 13568K, reserved 1048576K
}
Event: 103.670 GC heap after
{Heap after GC invocations=122 (full 0):
 garbage-first heap   total 233472K, used 122686K [0x0000000080000000, 0x0000000100000000)
  region size 1024K, 6 young (6144K), 6 survivors (6144K)
 Metaspace       used 96914K, capacity 99376K, committed 99840K, reserved 1136640K
  class space    used 12558K, capacity 13471K, committed 13568K, reserved 1048576K
}
Event: 104.322 GC heap before
{Heap before GC invocations=123 (full 0):
 garbage-first heap   total 233472K, used 200510K [0x0000000080000000, 0x0000000100000000)
  region size 1024K, 82 young (83968K), 6 survivors (6144K)
 Metaspace       used 96947K, capacity 99388K, committed 99840K, reserved 1136640K
  class space    used 12560K, capacity 13475K, committed 13568K, reserved 1048576K
}
Event: 104.336 GC heap after
{Heap after GC invocations=124 (full 0):
 garbage-first heap   total 233472K, used 122803K [0x0000000080000000, 0x0000000100000000)
  region size 1024K, 6 young (6144K), 6 survivors (6144K)
 Metaspace       used 96947K, capacity 99388K, committed 99840K, reserved 1136640K
  class space    used 12560K, capacity 13475K, committed 13568K, reserved 1048576K
}
Event: 104.789 GC heap before
{Heap before GC invocations=124 (full 0):
 garbage-first heap   total 233472K, used 201651K [0x0000000080000000, 0x0000000100000000)
  region size 1024K, 83 young (84992K), 6 survivors (6144K)
 Metaspace       used 96957K, capacity 99390K, committed 99840K, reserved 1136640K
  class space    used 12560K, capacity 13475K, committed 13568K, reserved 1048576K
}
Event: 104.801 GC heap after
{Heap after GC invocations=125 (full 0):
 garbage-first heap   total 233472K, used 123852K [0x0000000080000000, 0x0000000100000000)
  region size 1024K, 7 young (7168K), 7 survivors (7168K)
 Metaspace       used 96957K, capacity 99390K, committed 99840K, reserved 1136640K
  class space    used 12560K, capacity 13475K, committed 13568K, reserved 1048576K
}
Event: 105.405 GC heap before
{Heap before GC invocations=126 (full 0):
 garbage-first heap   total 233472K, used 201676K [0x0000000080000000, 0x0000000100000000)
  region size 1024K, 83 young (84992K), 7 survivors (7168K)
 Metaspace       used 96962K, capacity 99390K, committed 99840K, reserved 1136640K
  class space    used 12560K, capacity 13475K, committed 13568K, reserved 1048576K
}

