# JRE version: OpenJDK Runtime Environment (11.0.10) (build 11.0.10+0-b96-7249189)
# Java VM: OpenJDK 64-Bit Server VM (11.0.10+0-b96-7249189, mixed mode, tiered, compressed oops, g1 gc, windows-amd64)
Heap:
 garbage-first heap   total 693248K, used 199680K [0x0000000080000000, 0x0000000100000000)
  region size 1024K, 4 young (4096K), 4 survivors (4096K)
 Metaspace       used 91810K, capacity 94160K, committed 94360K, reserved 1130496K
  class space    used 12083K, capacity 12946K, committed 13004K, reserved 1048576K
GC Heap History (20 events):
Event: 56.856 GC heap before
{Heap before GC invocations=68 (full 0):
 garbage-first heap   total 138240K, used 126552K [0x0000000080000000, 0x0000000100000000)
  region size 1024K, 6 young (6144K), 1 survivors (1024K)
 Metaspace       used 89161K, capacity 91380K, committed 91416K, reserved 1128448K
  class space    used 11554K, capacity 12334K, committed 12364K, reserved 1048576K
}
Event: 56.865 GC heap after
{Heap after GC invocations=69 (full 0):
 garbage-first heap   total 138240K, used 124209K [0x0000000080000000, 0x0000000100000000)
  region size 1024K, 1 young (1024K), 1 survivors (1024K)
 Metaspace       used 89161K, capacity 91380K, committed 91416K, reserved 1128448K
  class space    used 11554K, capacity 12334K, committed 12364K, reserved 1048576K
}
Event: 56.893 GC heap before
{Heap before GC invocations=69 (full 0):
 garbage-first heap   total 138240K, used 128305K [0x0000000080000000, 0x0000000100000000)
  region size 1024K, 6 young (6144K), 1 survivors (1024K)
 Metaspace       used 89162K, capacity 91380K, committed 91416K, reserved 1128448K
  class space    used 11554K, capacity 12334K, committed 12364K, reserved 1048576K
}
Event: 56.900 GC heap after
{Heap after GC invocations=70 (full 0):
 garbage-first heap   total 138240K, used 126230K [0x0000000080000000, 0x0000000100000000)
  region size 1024K, 1 young (1024K), 1 survivors (1024K)
 Metaspace       used 89162K, capacity 91380K, committed 91416K, reserved 1128448K
  class space    used 11554K, capacity 12334K, committed 12364K, reserved 1048576K
}
Event: 56.929 GC heap before
{Heap before GC invocations=70 (full 0):
 garbage-first heap   total 138240K, used 130326K [0x0000000080000000, 0x0000000100000000)
  region size 1024K, 6 young (6144K), 1 survivors (1024K)
 Metaspace       used 89163K, capacity 91380K, committed 91416K, reserved 1128448K
  class space    used 11554K, capacity 12334K, committed 12364K, reserved 1048576K
}
Event: 56.936 GC heap after
{Heap after GC invocations=71 (full 0):
 garbage-first heap   total 138240K, used 128000K [0x0000000080000000, 0x0000000100000000)
  region size 1024K, 1 young (1024K), 1 survivors (1024K)
 Metaspace       used 89163K, capacity 91380K, committed 91416K, reserved 1128448K
  class space    used 11554K, capacity 12334K, committed 12364K, reserved 1048576K
}
Event: 56.969 GC heap before
{Heap before GC invocations=71 (full 0):
 garbage-first heap   total 138240K, used 134144K [0x0000000080000000, 0x0000000100000000)
  region size 1024K, 6 young (6144K), 1 survivors (1024K)
 Metaspace       used 89163K, capacity 91380K, committed 91416K, reserved 1128448K
  class space    used 11554K, capacity 12334K, committed 12364K, reserved 1048576K
}
Event: 56.978 GC heap after
{Heap after GC invocations=72 (full 0):
 garbage-first heap   total 138240K, used 131233K [0x0000000080000000, 0x0000000100000000)
  region size 1024K, 1 young (1024K), 1 survivors (1024K)
 Metaspace       used 89163K, capacity 91380K, committed 91416K, reserved 1128448K
  class space    used 11554K, capacity 12334K, committed 12364K, reserved 1048576K
}
Event: 57.007 GC heap before
{Heap before GC invocations=72 (full 0):
 garbage-first heap   total 138240K, used 137377K [0x0000000080000000, 0x0000000100000000)
  region size 1024K, 6 young (6144K), 1 survivors (1024K)
 Metaspace       used 89163K, capacity 91380K, committed 91416K, reserved 1128448K
  class space    used 11554K, capacity 12334K, committed 12364K, reserved 1048576K
}
Event: 57.017 GC heap after
{Heap after GC invocations=73 (full 0):
 garbage-first heap   total 140288K, used 134144K [0x0000000080000000, 0x0000000100000000)
  region size 1024K, 1 young (1024K), 1 survivors (1024K)
 Metaspace       used 89163K, capacity 91380K, committed 91416K, reserved 1128448K
  class space    used 11554K, capacity 12334K, committed 12364K, reserved 1048576K
}
Event: 57.036 GC heap before
{Heap before GC invocations=73 (full 0):
 garbage-first heap   total 140288K, used 138240K [0x0000000080000000, 0x0000000100000000)
  region size 1024K, 6 young (6144K), 1 survivors (1024K)
 Metaspace       used 89163K, capacity 91380K, committed 91416K, reserved 1128448K
  class space    used 11554K, capacity 12334K, committed 12364K, reserved 1048576K
}
Event: 57.047 GC heap after
{Heap after GC invocations=74 (full 0):
 garbage-first heap   total 142336K, used 135980K [0x0000000080000000, 0x0000000100000000)
  region size 1024K, 1 young (1024K), 1 survivors (1024K)
 Metaspace       used 89163K, capacity 91380K, committed 91416K, reserved 1128448K
  class space    used 11554K, capacity 12334K, committed 12364K, reserved 1048576K
}
Event: 57.077 GC heap before
{Heap before GC invocations=74 (full 0):
 garbage-first heap   total 142336K, used 141100K [0x0000000080000000, 0x0000000100000000)
  region size 1024K, 6 young (6144K), 1 survivors (1024K)
 Metaspace       used 89163K, capacity 91380K, committed 91416K, reserved 1128448K
  class space    used 11554K, capacity 12334K, committed 12364K, reserved 1048576K
}
Event: 57.089 GC heap after
{Heap after GC invocations=75 (full 0):
 garbage-first heap   total 278528K, used 138405K [0x0000000080000000, 0x0000000100000000)
  region size 1024K, 1 young (1024K), 1 survivors (1024K)
 Metaspace       used 89163K, capacity 91380K, committed 91416K, reserved 1128448K
  class space    used 11554K, capacity 12334K, committed 12364K, reserved 1048576K
}
Event: 58.997 GC heap before
{Heap before GC invocations=76 (full 0):
 garbage-first heap   total 278528K, used 176293K [0x0000000080000000, 0x0000000100000000)
  region size 1024K, 39 young (39936K), 1 survivors (1024K)
 Metaspace       used 91470K, capacity 93801K, committed 94104K, reserved 1130496K
  class space    used 12041K, capacity 12913K, committed 13004K, reserved 1048576K
}
Event: 59.027 GC heap after
{Heap after GC invocations=77 (full 0):
 garbage-first heap   total 278528K, used 153378K [0x0000000080000000, 0x0000000100000000)
  region size 1024K, 5 young (5120K), 5 survivors (5120K)
 Metaspace       used 91470K, capacity 93801K, committed 94104K, reserved 1130496K
  class space    used 12041K, capacity 12913K, committed 13004K, reserved 1048576K
}
Event: 59.187 GC heap before
{Heap before GC invocations=77 (full 0):
 garbage-first heap   total 278528K, used 189218K [0x0000000080000000, 0x0000000100000000)
  region size 1024K, 41 young (41984K), 5 survivors (5120K)
 Metaspace       used 91490K, capacity 93804K, committed 94104K, reserved 1130496K
  class space    used 12041K, capacity 12913K, committed 13004K, reserved 1048576K
}
Event: 59.260 GC heap after
{Heap after GC invocations=78 (full 0):
 garbage-first heap   total 278528K, used 171848K [0x0000000080000000, 0x0000000100000000)
  region size 1024K, 6 young (6144K), 6 survivors (6144K)
 Metaspace       used 91490K, capacity 93804K, committed 94104K, reserved 1130496K
  class space    used 12041K, capacity 12913K, committed 13004K, reserved 1048576K
}
Event: 59.629 GC heap before
{Heap before GC invocations=78 (full 0):
 garbage-first heap   total 278528K, used 202568K [0x0000000080000000, 0x0000000100000000)
  region size 1024K, 36 young (36864K), 6 survivors (6144K)
 Metaspace       used 91539K, capacity 93868K, committed 94104K, reserved 1130496K
  class space    used 12041K, capacity 12913K, committed 13004K, reserved 1048576K
}
Event: 59.662 GC heap after
{Heap after GC invocations=79 (full 0):
 garbage-first heap   total 278528K, used 187904K [0x0000000080000000, 0x0000000100000000)
  region size 1024K, 5 young (5120K), 5 survivors (5120K)
 Metaspace       used 91539K, capacity 93868K, committed 94104K, reserved 1130496K
  class space    used 12041K, capacity 12913K, committed 13004K, reserved 1048576K
}

