# JRE version: OpenJDK Runtime Environment (11.0.10) (build 11.0.10+0-b96-7249189)
# Java VM: OpenJDK 64-Bit Server VM (11.0.10+0-b96-7249189, mixed mode, tiered, compressed oops, g1 gc, windows-amd64)
Heap:
 garbage-first heap   total 308224K, used 119132K [0x0000000080000000, 0x0000000100000000)
  region size 1024K, 4 young (4096K), 4 survivors (4096K)
 Metaspace       used 96828K, capacity 99322K, committed 99584K, reserved 1134592K
  class space    used 12540K, capacity 13434K, committed 13568K, reserved 1048576K
GC Heap History (20 events):
Event: 77.621 GC heap after
{Heap after GC invocations=85 (full 0):
 garbage-first heap   total 154624K, used 116602K [0x0000000080000000, 0x0000000100000000)
  region size 1024K, 2 young (2048K), 2 survivors (2048K)
 Metaspace       used 96379K, capacity 98869K, committed 99072K, reserved 1134592K
  class space    used 12564K, capacity 13475K, committed 13568K, reserved 1048576K
}
Event: 77.761 GC heap before
{Heap before GC invocations=85 (full 0):
 garbage-first heap   total 154624K, used 132986K [0x0000000080000000, 0x0000000100000000)
  region size 1024K, 18 young (18432K), 2 survivors (2048K)
 Metaspace       used 96447K, capacity 98946K, committed 99072K, reserved 1134592K
  class space    used 12565K, capacity 13478K, committed 13568K, reserved 1048576K
}
Event: 77.767 GC heap after
{Heap after GC invocations=86 (full 0):
 garbage-first heap   total 154624K, used 116684K [0x0000000080000000, 0x0000000100000000)
  region size 1024K, 2 young (2048K), 2 survivors (2048K)
 Metaspace       used 96447K, capacity 98946K, committed 99072K, reserved 1134592K
  class space    used 12565K, capacity 13478K, committed 13568K, reserved 1048576K
}
Event: 77.969 GC heap before
{Heap before GC invocations=86 (full 0):
 garbage-first heap   total 154624K, used 133068K [0x0000000080000000, 0x0000000100000000)
  region size 1024K, 18 young (18432K), 2 survivors (2048K)
 Metaspace       used 96560K, capacity 99079K, committed 99328K, reserved 1134592K
  class space    used 12566K, capacity 13479K, committed 13568K, reserved 1048576K
}
Event: 77.975 GC heap after
{Heap after GC invocations=87 (full 0):
 garbage-first heap   total 186368K, used 116947K [0x0000000080000000, 0x0000000100000000)
  region size 1024K, 2 young (2048K), 2 survivors (2048K)
 Metaspace       used 96560K, capacity 99079K, committed 99328K, reserved 1134592K
  class space    used 12566K, capacity 13479K, committed 13568K, reserved 1048576K
}
Event: 78.222 GC heap before
{Heap before GC invocations=87 (full 0):
 garbage-first heap   total 186368K, used 147667K [0x0000000080000000, 0x0000000100000000)
  region size 1024K, 32 young (32768K), 2 survivors (2048K)
 Metaspace       used 96559K, capacity 98992K, committed 99328K, reserved 1134592K
  class space    used 12531K, capacity 13416K, committed 13568K, reserved 1048576K
}
Event: 78.227 GC heap after
{Heap after GC invocations=88 (full 0):
 garbage-first heap   total 186368K, used 116664K [0x0000000080000000, 0x0000000100000000)
  region size 1024K, 2 young (2048K), 2 survivors (2048K)
 Metaspace       used 96559K, capacity 98992K, committed 99328K, reserved 1134592K
  class space    used 12531K, capacity 13416K, committed 13568K, reserved 1048576K
}
Event: 78.382 GC heap before
{Heap before GC invocations=89 (full 0):
 garbage-first heap   total 186368K, used 148408K [0x0000000080000000, 0x0000000100000000)
  region size 1024K, 33 young (33792K), 2 survivors (2048K)
 Metaspace       used 96593K, capacity 99058K, committed 99328K, reserved 1134592K
  class space    used 12531K, capacity 13416K, committed 13568K, reserved 1048576K
}
Event: 78.388 GC heap after
{Heap after GC invocations=90 (full 0):
 garbage-first heap   total 186368K, used 117420K [0x0000000080000000, 0x0000000100000000)
  region size 1024K, 3 young (3072K), 3 survivors (3072K)
 Metaspace       used 96593K, capacity 99058K, committed 99328K, reserved 1134592K
  class space    used 12531K, capacity 13416K, committed 13568K, reserved 1048576K
}
Event: 78.526 GC heap before
{Heap before GC invocations=90 (full 0):
 garbage-first heap   total 186368K, used 150188K [0x0000000080000000, 0x0000000100000000)
  region size 1024K, 35 young (35840K), 3 survivors (3072K)
 Metaspace       used 96677K, capacity 99156K, committed 99584K, reserved 1134592K
  class space    used 12547K, capacity 13448K, committed 13568K, reserved 1048576K
}
Event: 78.533 GC heap after
{Heap after GC invocations=91 (full 0):
 garbage-first heap   total 186368K, used 117711K [0x0000000080000000, 0x0000000100000000)
  region size 1024K, 3 young (3072K), 3 survivors (3072K)
 Metaspace       used 96677K, capacity 99156K, committed 99584K, reserved 1134592K
  class space    used 12547K, capacity 13448K, committed 13568K, reserved 1048576K
}
Event: 78.785 GC heap before
{Heap before GC invocations=91 (full 0):
 garbage-first heap   total 186368K, used 151503K [0x0000000080000000, 0x0000000100000000)
  region size 1024K, 37 young (37888K), 3 survivors (3072K)
 Metaspace       used 96705K, capacity 99221K, committed 99584K, reserved 1134592K
  class space    used 12547K, capacity 13448K, committed 13568K, reserved 1048576K
}
Event: 78.795 GC heap after
{Heap after GC invocations=92 (full 0):
 garbage-first heap   total 224256K, used 118493K [0x0000000080000000, 0x0000000100000000)
  region size 1024K, 4 young (4096K), 4 survivors (4096K)
 Metaspace       used 96705K, capacity 99221K, committed 99584K, reserved 1134592K
  class space    used 12547K, capacity 13448K, committed 13568K, reserved 1048576K
}
Event: 79.118 GC heap before
{Heap before GC invocations=93 (full 0):
 garbage-first heap   total 224256K, used 172765K [0x0000000080000000, 0x0000000100000000)
  region size 1024K, 57 young (58368K), 4 survivors (4096K)
 Metaspace       used 96716K, capacity 99180K, committed 99584K, reserved 1134592K
  class space    used 12538K, capacity 13431K, committed 13568K, reserved 1048576K
}
Event: 79.126 GC heap after
{Heap after GC invocations=94 (full 0):
 garbage-first heap   total 224256K, used 118014K [0x0000000080000000, 0x0000000100000000)
  region size 1024K, 3 young (3072K), 3 survivors (3072K)
 Metaspace       used 96716K, capacity 99180K, committed 99584K, reserved 1134592K
  class space    used 12538K, capacity 13431K, committed 13568K, reserved 1048576K
}
Event: 79.343 GC heap before
{Heap before GC invocations=94 (full 0):
 garbage-first heap   total 224256K, used 181502K [0x0000000080000000, 0x0000000100000000)
  region size 1024K, 65 young (66560K), 3 survivors (3072K)
 Metaspace       used 96746K, capacity 99252K, committed 99584K, reserved 1134592K
  class space    used 12539K, capacity 13433K, committed 13568K, reserved 1048576K
}
Event: 79.353 GC heap after
{Heap after GC invocations=95 (full 0):
 garbage-first heap   total 224256K, used 118414K [0x0000000080000000, 0x0000000100000000)
  region size 1024K, 4 young (4096K), 4 survivors (4096K)
 Metaspace       used 96746K, capacity 99252K, committed 99584K, reserved 1134592K
  class space    used 12539K, capacity 13433K, committed 13568K, reserved 1048576K
}
Event: 79.874 GC heap before
{Heap before GC invocations=95 (full 0):
 garbage-first heap   total 224256K, used 182926K [0x0000000080000000, 0x0000000100000000)
  region size 1024K, 67 young (68608K), 4 survivors (4096K)
 Metaspace       used 96807K, capacity 99256K, committed 99584K, reserved 1134592K
  class space    used 12540K, capacity 13434K, committed 13568K, reserved 1048576K
}
Event: 79.883 GC heap after
{Heap after GC invocations=96 (full 0):
 garbage-first heap   total 224256K, used 118146K [0x0000000080000000, 0x0000000100000000)
  region size 1024K, 3 young (3072K), 3 survivors (3072K)
 Metaspace       used 96807K, capacity 99256K, committed 99584K, reserved 1134592K
  class space    used 12540K, capacity 13434K, committed 13568K, reserved 1048576K
}
Event: 80.260 GC heap before
{Heap before GC invocations=97 (full 0):
 garbage-first heap   total 224256K, used 187778K [0x0000000080000000, 0x0000000100000000)
  region size 1024K, 71 young (72704K), 3 survivors (3072K)
 Metaspace       used 96828K, capacity 99322K, committed 99584K, reserved 1134592K
  class space    used 12540K, capacity 13434K, committed 13568K, reserved 1048576K
}

