# JRE version: OpenJDK Runtime Environment (11.0.10) (build 11.0.10+0-b96-7249189)
# Java VM: OpenJDK 64-Bit Server VM (11.0.10+0-b96-7249189, mixed mode, tiered, compressed oops, g1 gc, windows-amd64)
Heap:
 garbage-first heap   total 313344K, used 110832K [0x0000000080000000, 0x0000000100000000)
  region size 1024K, 2 young (2048K), 2 survivors (2048K)
 Metaspace       used 119484K, capacity 122286K, committed 123264K, reserved 1157120K
  class space    used 15035K, capacity 16150K, committed 16512K, reserved 1048576K
GC Heap History (20 events):
Event: 3103.772 GC heap after
{Heap after GC invocations=130 (full 0):
 garbage-first heap   total 202752K, used 88270K [0x0000000080000000, 0x0000000100000000)
  region size 1024K, 2 young (2048K), 2 survivors (2048K)
 Metaspace       used 118852K, capacity 121646K, committed 123008K, reserved 1155072K
  class space    used 14990K, capacity 16077K, committed 16512K, reserved 1048576K
}
Event: 3103.974 GC heap before
{Heap before GC invocations=130 (full 0):
 garbage-first heap   total 202752K, used 98510K [0x0000000080000000, 0x0000000100000000)
  region size 1024K, 12 young (12288K), 2 survivors (2048K)
 Metaspace       used 118937K, capacity 121700K, committed 123008K, reserved 1155072K
  class space    used 14999K, capacity 16092K, committed 16512K, reserved 1048576K
}
Event: 3104.046 GC heap after
{Heap after GC invocations=131 (full 0):
 garbage-first heap   total 202752K, used 90592K [0x0000000080000000, 0x0000000100000000)
  region size 1024K, 2 young (2048K), 2 survivors (2048K)
 Metaspace       used 118937K, capacity 121700K, committed 123008K, reserved 1155072K
  class space    used 14999K, capacity 16092K, committed 16512K, reserved 1048576K
}
Event: 3104.691 GC heap before
{Heap before GC invocations=132 (full 0):
 garbage-first heap   total 202752K, used 100832K [0x0000000080000000, 0x0000000100000000)
  region size 1024K, 12 young (12288K), 2 survivors (2048K)
 Metaspace       used 119050K, capacity 121884K, committed 123008K, reserved 1155072K
  class space    used 15010K, capacity 16108K, committed 16512K, reserved 1048576K
}
Event: 3104.775 GC heap after
{Heap after GC invocations=133 (full 0):
 garbage-first heap   total 202752K, used 92408K [0x0000000080000000, 0x0000000100000000)
  region size 1024K, 2 young (2048K), 2 survivors (2048K)
 Metaspace       used 119050K, capacity 121884K, committed 123008K, reserved 1155072K
  class space    used 15010K, capacity 16108K, committed 16512K, reserved 1048576K
}
Event: 3105.251 GC heap before
{Heap before GC invocations=133 (full 0):
 garbage-first heap   total 202752K, used 99576K [0x0000000080000000, 0x0000000100000000)
  region size 1024K, 9 young (9216K), 2 survivors (2048K)
 Metaspace       used 119168K, capacity 121986K, committed 123008K, reserved 1155072K
  class space    used 15023K, capacity 16129K, committed 16512K, reserved 1048576K
}
Event: 3105.288 GC heap after
{Heap after GC invocations=134 (full 0):
 garbage-first heap   total 202752K, used 87709K [0x0000000080000000, 0x0000000100000000)
  region size 1024K, 1 young (1024K), 1 survivors (1024K)
 Metaspace       used 119168K, capacity 121986K, committed 123008K, reserved 1155072K
  class space    used 15023K, capacity 16129K, committed 16512K, reserved 1048576K
}
Event: 3106.039 GC heap before
{Heap before GC invocations=134 (full 0):
 garbage-first heap   total 202752K, used 95901K [0x0000000080000000, 0x0000000100000000)
  region size 1024K, 9 young (9216K), 1 survivors (1024K)
 Metaspace       used 119175K, capacity 121986K, committed 123008K, reserved 1155072K
  class space    used 15023K, capacity 16129K, committed 16512K, reserved 1048576K
}
Event: 3106.066 GC heap after
{Heap after GC invocations=135 (full 0):
 garbage-first heap   total 202752K, used 87441K [0x0000000080000000, 0x0000000100000000)
  region size 1024K, 2 young (2048K), 2 survivors (2048K)
 Metaspace       used 119175K, capacity 121986K, committed 123008K, reserved 1155072K
  class space    used 15023K, capacity 16129K, committed 16512K, reserved 1048576K
}
Event: 3106.404 GC heap before
{Heap before GC invocations=135 (full 0):
 garbage-first heap   total 202752K, used 93585K [0x0000000080000000, 0x0000000100000000)
  region size 1024K, 9 young (9216K), 2 survivors (2048K)
 Metaspace       used 119191K, capacity 122050K, committed 123264K, reserved 1157120K
  class space    used 15023K, capacity 16129K, committed 16512K, reserved 1048576K
}
Event: 3106.411 GC heap after
{Heap after GC invocations=136 (full 0):
 garbage-first heap   total 202752K, used 88182K [0x0000000080000000, 0x0000000100000000)
  region size 1024K, 2 young (2048K), 2 survivors (2048K)
 Metaspace       used 119191K, capacity 122050K, committed 123264K, reserved 1157120K
  class space    used 15023K, capacity 16129K, committed 16512K, reserved 1048576K
}
Event: 3107.544 GC heap before
{Heap before GC invocations=137 (full 0):
 garbage-first heap   total 202752K, used 109686K [0x0000000080000000, 0x0000000100000000)
  region size 1024K, 21 young (21504K), 2 survivors (2048K)
 Metaspace       used 119196K, capacity 122050K, committed 123264K, reserved 1157120K
  class space    used 15023K, capacity 16129K, committed 16512K, reserved 1048576K
}
Event: 3108.067 GC heap after
{Heap after GC invocations=138 (full 0):
 garbage-first heap   total 202752K, used 103814K [0x0000000080000000, 0x0000000100000000)
  region size 1024K, 3 young (3072K), 3 survivors (3072K)
 Metaspace       used 119196K, capacity 122050K, committed 123264K, reserved 1157120K
  class space    used 15023K, capacity 16129K, committed 16512K, reserved 1048576K
}
Event: 3108.159 GC heap before
{Heap before GC invocations=138 (full 0):
 garbage-first heap   total 202752K, used 109958K [0x0000000080000000, 0x0000000100000000)
  region size 1024K, 9 young (9216K), 3 survivors (3072K)
 Metaspace       used 119203K, capacity 122050K, committed 123264K, reserved 1157120K
  class space    used 15024K, capacity 16129K, committed 16512K, reserved 1048576K
}
Event: 3108.231 GC heap after
{Heap after GC invocations=139 (full 0):
 garbage-first heap   total 202752K, used 104563K [0x0000000080000000, 0x0000000100000000)
  region size 1024K, 2 young (2048K), 2 survivors (2048K)
 Metaspace       used 119203K, capacity 122050K, committed 123264K, reserved 1157120K
  class space    used 15024K, capacity 16129K, committed 16512K, reserved 1048576K
}
Event: 3108.932 GC heap before
{Heap before GC invocations=139 (full 0):
 garbage-first heap   total 202752K, used 116851K [0x0000000080000000, 0x0000000100000000)
  region size 1024K, 16 young (16384K), 2 survivors (2048K)
 Metaspace       used 119285K, capacity 122114K, committed 123264K, reserved 1157120K
  class space    used 15024K, capacity 16129K, committed 16512K, reserved 1048576K
}
Event: 3108.992 GC heap after
{Heap after GC invocations=140 (full 0):
 garbage-first heap   total 202752K, used 112603K [0x0000000080000000, 0x0000000100000000)
  region size 1024K, 2 young (2048K), 2 survivors (2048K)
 Metaspace       used 119285K, capacity 122114K, committed 123264K, reserved 1157120K
  class space    used 15024K, capacity 16129K, committed 16512K, reserved 1048576K
}
Event: 3109.916 GC heap before
{Heap before GC invocations=141 (full 0):
 garbage-first heap   total 202752K, used 141275K [0x0000000080000000, 0x0000000100000000)
  region size 1024K, 14 young (14336K), 2 survivors (2048K)
 Metaspace       used 119391K, capacity 122174K, committed 123264K, reserved 1157120K
  class space    used 15030K, capacity 16140K, committed 16512K, reserved 1048576K
}
Event: 3109.935 GC heap after
{Heap after GC invocations=142 (full 0):
 garbage-first heap   total 202752K, used 113736K [0x0000000080000000, 0x0000000100000000)
  region size 1024K, 2 young (2048K), 2 survivors (2048K)
 Metaspace       used 119391K, capacity 122174K, committed 123264K, reserved 1157120K
  class space    used 15030K, capacity 16140K, committed 16512K, reserved 1048576K
}
Event: 3110.634 GC heap before
{Heap before GC invocations=142 (full 0):
 garbage-first heap   total 202752K, used 119880K [0x0000000080000000, 0x0000000100000000)
  region size 1024K, 9 young (9216K), 2 survivors (2048K)
 Metaspace       used 119484K, capacity 122286K, committed 123264K, reserved 1157120K
  class space    used 15035K, capacity 16150K, committed 16512K, reserved 1048576K
}

