# JRE version: OpenJDK Runtime Environment (11.0.10) (build 11.0.10+0-b96-7249189)
# Java VM: OpenJDK 64-Bit Server VM (11.0.10+0-b96-7249189, mixed mode, tiered, compressed oops, g1 gc, windows-amd64)
Heap:
 garbage-first heap   total 424960K, used 173292K [0x0000000080000000, 0x0000000100000000)
  region size 1024K, 2 young (2048K), 2 survivors (2048K)
 Metaspace       used 103908K, capacity 106335K, committed 106624K, reserved 1142784K
  class space    used 13229K, capacity 14129K, committed 14208K, reserved 1048576K
GC Heap History (20 events):
Event: 104.181 GC heap after
{Heap after GC invocations=110 (full 0):
 garbage-first heap   total 169984K, used 134942K [0x0000000080000000, 0x0000000100000000)
  region size 1024K, 3 young (3072K), 3 survivors (3072K)
 Metaspace       used 101293K, capacity 103646K, committed 103680K, reserved 1138688K
  class space    used 12694K, capacity 13542K, committed 13568K, reserved 1048576K
}
Event: 104.244 GC heap before
{Heap before GC invocations=110 (full 0):
 garbage-first heap   total 169984K, used 144158K [0x0000000080000000, 0x0000000100000000)
  region size 1024K, 12 young (12288K), 3 survivors (3072K)
 Metaspace       used 101293K, capacity 103646K, committed 103680K, reserved 1138688K
  class space    used 12694K, capacity 13542K, committed 13568K, reserved 1048576K
}
Event: 104.263 GC heap after
{Heap after GC invocations=111 (full 0):
 garbage-first heap   total 169984K, used 138181K [0x0000000080000000, 0x0000000100000000)
  region size 1024K, 2 young (2048K), 2 survivors (2048K)
 Metaspace       used 101293K, capacity 103646K, committed 103680K, reserved 1138688K
  class space    used 12694K, capacity 13542K, committed 13568K, reserved 1048576K
}
Event: 104.438 GC heap before
{Heap before GC invocations=111 (full 0):
 garbage-first heap   total 169984K, used 146373K [0x0000000080000000, 0x0000000100000000)
  region size 1024K, 9 young (9216K), 2 survivors (2048K)
 Metaspace       used 101293K, capacity 103646K, committed 103680K, reserved 1138688K
  class space    used 12694K, capacity 13542K, committed 13568K, reserved 1048576K
}
Event: 104.456 GC heap after
{Heap after GC invocations=112 (full 0):
 garbage-first heap   total 169984K, used 142089K [0x0000000080000000, 0x0000000100000000)
  region size 1024K, 2 young (2048K), 2 survivors (2048K)
 Metaspace       used 101293K, capacity 103646K, committed 103680K, reserved 1138688K
  class space    used 12694K, capacity 13542K, committed 13568K, reserved 1048576K
}
Event: 104.530 GC heap before
{Heap before GC invocations=112 (full 0):
 garbage-first heap   total 169984K, used 148233K [0x0000000080000000, 0x0000000100000000)
  region size 1024K, 8 young (8192K), 2 survivors (2048K)
 Metaspace       used 101294K, capacity 103646K, committed 103680K, reserved 1138688K
  class space    used 12694K, capacity 13542K, committed 13568K, reserved 1048576K
}
Event: 104.547 GC heap after
{Heap after GC invocations=113 (full 0):
 garbage-first heap   total 169984K, used 145408K [0x0000000080000000, 0x0000000100000000)
  region size 1024K, 1 young (1024K), 1 survivors (1024K)
 Metaspace       used 101294K, capacity 103646K, committed 103680K, reserved 1138688K
  class space    used 12694K, capacity 13542K, committed 13568K, reserved 1048576K
}
Event: 104.621 GC heap before
{Heap before GC invocations=113 (full 0):
 garbage-first heap   total 169984K, used 151552K [0x0000000080000000, 0x0000000100000000)
  region size 1024K, 8 young (8192K), 1 survivors (1024K)
 Metaspace       used 101294K, capacity 103646K, committed 103680K, reserved 1138688K
  class space    used 12694K, capacity 13542K, committed 13568K, reserved 1048576K
}
Event: 104.637 GC heap after
{Heap after GC invocations=114 (full 0):
 garbage-first heap   total 169984K, used 148451K [0x0000000080000000, 0x0000000100000000)
  region size 1024K, 1 young (1024K), 1 survivors (1024K)
 Metaspace       used 101294K, capacity 103646K, committed 103680K, reserved 1138688K
  class space    used 12694K, capacity 13542K, committed 13568K, reserved 1048576K
}
Event: 105.539 GC heap before
{Heap before GC invocations=115 (full 0):
 garbage-first heap   total 169984K, used 154595K [0x0000000080000000, 0x0000000100000000)
  region size 1024K, 8 young (8192K), 1 survivors (1024K)
 Metaspace       used 101478K, capacity 103820K, committed 103936K, reserved 1140736K
  class space    used 12723K, capacity 13559K, committed 13568K, reserved 1048576K
}
Event: 105.964 GC heap after
{Heap after GC invocations=116 (full 0):
 garbage-first heap   total 204800K, used 151090K [0x0000000080000000, 0x0000000100000000)
  region size 1024K, 1 young (1024K), 1 survivors (1024K)
 Metaspace       used 101478K, capacity 103820K, committed 103936K, reserved 1140736K
  class space    used 12723K, capacity 13559K, committed 13568K, reserved 1048576K
}
Event: 107.596 GC heap before
{Heap before GC invocations=116 (full 0):
 garbage-first heap   total 204800K, used 160306K [0x0000000080000000, 0x0000000100000000)
  region size 1024K, 10 young (10240K), 1 survivors (1024K)
 Metaspace       used 102587K, capacity 104988K, committed 105216K, reserved 1140736K
  class space    used 12953K, capacity 13823K, committed 13824K, reserved 1048576K
}
Event: 107.604 GC heap after
{Heap after GC invocations=117 (full 0):
 garbage-first heap   total 204800K, used 151820K [0x0000000080000000, 0x0000000100000000)
  region size 1024K, 2 young (2048K), 2 survivors (2048K)
 Metaspace       used 102587K, capacity 104988K, committed 105216K, reserved 1140736K
  class space    used 12953K, capacity 13823K, committed 13824K, reserved 1048576K
}
Event: 108.223 GC heap before
{Heap before GC invocations=117 (full 0):
 garbage-first heap   total 204800K, used 165132K [0x0000000080000000, 0x0000000100000000)
  region size 1024K, 15 young (15360K), 2 survivors (2048K)
 Metaspace       used 103861K, capacity 106330K, committed 106624K, reserved 1142784K
  class space    used 13229K, capacity 14129K, committed 14208K, reserved 1048576K
}
Event: 108.237 GC heap after
{Heap after GC invocations=118 (full 0):
 garbage-first heap   total 204800K, used 157230K [0x0000000080000000, 0x0000000100000000)
  region size 1024K, 2 young (2048K), 2 survivors (2048K)
 Metaspace       used 103861K, capacity 106330K, committed 106624K, reserved 1142784K
  class space    used 13229K, capacity 14129K, committed 14208K, reserved 1048576K
}
Event: 108.402 GC heap before
{Heap before GC invocations=118 (full 0):
 garbage-first heap   total 204800K, used 168494K [0x0000000080000000, 0x0000000100000000)
  region size 1024K, 14 young (14336K), 2 survivors (2048K)
 Metaspace       used 103893K, capacity 106332K, committed 106624K, reserved 1142784K
  class space    used 13229K, capacity 14129K, committed 14208K, reserved 1048576K
}
Event: 108.422 GC heap after
{Heap after GC invocations=119 (full 0):
 garbage-first heap   total 204800K, used 163787K [0x0000000080000000, 0x0000000100000000)
  region size 1024K, 2 young (2048K), 2 survivors (2048K)
 Metaspace       used 103893K, capacity 106332K, committed 106624K, reserved 1142784K
  class space    used 13229K, capacity 14129K, committed 14208K, reserved 1048576K
}
Event: 108.478 GC heap before
{Heap before GC invocations=119 (full 0):
 garbage-first heap   total 204800K, used 171979K [0x0000000080000000, 0x0000000100000000)
  region size 1024K, 11 young (11264K), 2 survivors (2048K)
 Metaspace       used 103896K, capacity 106332K, committed 106624K, reserved 1142784K
  class space    used 13229K, capacity 14129K, committed 14208K, reserved 1048576K
}
Event: 108.488 GC heap after
{Heap after GC invocations=120 (full 0):
 garbage-first heap   total 204800K, used 168960K [0x0000000080000000, 0x0000000100000000)
  region size 1024K, 2 young (2048K), 2 survivors (2048K)
 Metaspace       used 103896K, capacity 106332K, committed 106624K, reserved 1142784K
  class space    used 13229K, capacity 14129K, committed 14208K, reserved 1048576K
}
Event: 108.534 GC heap before
{Heap before GC invocations=120 (full 0):
 garbage-first heap   total 204800K, used 177152K [0x0000000080000000, 0x0000000100000000)
  region size 1024K, 10 young (10240K), 2 survivors (2048K)
 Metaspace       used 103908K, capacity 106335K, committed 106624K, reserved 1142784K
  class space    used 13229K, capacity 14129K, committed 14208K, reserved 1048576K
}

